# JRE version: Java(TM) SE Runtime Environment (8.0_05-b13) (build 1.8.0_05-b13)
# Java VM: Java HotSpot(TM) 64-Bit Server VM (25.5-b02 mixed mode bsd-amd64 compressed oops)
Heap:
 PSYoungGen      total 17408K, used 8378K [0x0000000795580000, 0x0000000796b80000, 0x00000007c0000000)
  eden space 13312K, 51% used [0x0000000795580000,0x0000000795c2ea70,0x0000000796280000)
  from space 4096K, 37% used [0x0000000796780000,0x0000000796900000,0x0000000796b80000)
  to   space 4608K, 0% used [0x0000000796280000,0x0000000796280000,0x0000000796700000)
 ParOldGen       total 129536K, used 10306K [0x0000000740000000, 0x0000000747e80000, 0x0000000795580000)
  object space 129536K, 7% used [0x0000000740000000,0x0000000740a10b60,0x0000000747e80000)
 Metaspace       used 14643K, capacity 14814K, committed 15104K, reserved 1062912K
  class space    used 2191K, capacity 2240K, committed 2304K, reserved 1048576K
GC Heap History (10 events):
Event: 0.346 GC heap before
{Heap before GC invocations=6 (full 0):
 PSYoungGen      total 2560K, used 2493K [0x0000000795580000, 0x0000000795c80000, 0x00000007c0000000)
  eden space 2048K, 98% used [0x0000000795580000,0x0000000795777400,0x0000000795780000)
  from space 512K, 93% used [0x0000000795780000,0x00000007957f8030,0x0000000795800000)
  to   space 1536K, 0% used [0x0000000795b00000,0x0000000795b00000,0x0000000795c80000)
 ParOldGen       total 129536K, used 936K [0x0000000740000000, 0x0000000747e80000, 0x0000000795580000)
  object space 129536K, 0% used [0x0000000740000000,0x00000007400ea010,0x0000000747e80000)
 Metaspace       used 5727K, capacity 6758K, committed 6912K, reserved 1056768K
  class space    used 686K, capacity 718K, committed 768K, reserved 1048576K
Event: 0.349 GC heap after
Heap after GC invocations=6 (full 0):
 PSYoungGen      total 5120K, used 639K [0x0000000795580000, 0x0000000795c00000, 0x00000007c0000000)
  eden space 4096K, 0% used [0x0000000795580000,0x0000000795580000,0x0000000795980000)
  from space 1024K, 62% used [0x0000000795b00000,0x0000000795b9fc40,0x0000000795c00000)
  to   space 1024K, 0% used [0x0000000795a00000,0x0000000795a00000,0x0000000795b00000)
 ParOldGen       total 129536K, used 936K [0x0000000740000000, 0x0000000747e80000, 0x0000000795580000)
  object space 129536K, 0% used [0x0000000740000000,0x00000007400ea010,0x0000000747e80000)
 Metaspace       used 5727K, capacity 6758K, committed 6912K, reserved 1056768K
  class space    used 686K, capacity 718K, committed 768K, reserved 1048576K
}
Event: 0.452 GC heap before
{Heap before GC invocations=7 (full 0):
 PSYoungGen      total 5120K, used 4735K [0x0000000795580000, 0x0000000795c00000, 0x00000007c0000000)
  eden space 4096K, 100% used [0x0000000795580000,0x0000000795980000,0x0000000795980000)
  from space 1024K, 62% used [0x0000000795b00000,0x0000000795b9fc40,0x0000000795c00000)
  to   space 1024K, 0% used [0x0000000795a00000,0x0000000795a00000,0x0000000795b00000)
 ParOldGen       total 129536K, used 936K [0x0000000740000000, 0x0000000747e80000, 0x0000000795580000)
  object space 129536K, 0% used [0x0000000740000000,0x00000007400ea010,0x0000000747e80000)
 Metaspace       used 7425K, capacity 8054K, committed 8192K, reserved 1056768K
  class space    used 950K, capacity 985K, committed 1024K, reserved 1048576K
Event: 0.455 GC heap after
Heap after GC invocations=7 (full 0):
 PSYoungGen      total 5632K, used 992K [0x0000000795580000, 0x0000000796080000, 0x00000007c0000000)
  eden space 4608K, 0% used [0x0000000795580000,0x0000000795580000,0x0000000795a00000)
  from space 1024K, 96% used [0x0000000795a00000,0x0000000795af8010,0x0000000795b00000)
  to   space 1536K, 0% used [0x0000000795f00000,0x0000000795f00000,0x0000000796080000)
 ParOldGen       total 129536K, used 1341K [0x0000000740000000, 0x0000000747e80000, 0x0000000795580000)
  object space 129536K, 1% used [0x0000000740000000,0x000000074014f440,0x0000000747e80000)
 Metaspace       used 7425K, capacity 8054K, committed 8192K, reserved 1056768K
  class space    used 950K, capacity 985K, committed 1024K, reserved 1048576K
}
Event: 0.659 GC heap before
{Heap before GC invocations=8 (full 0):
 PSYoungGen      total 5632K, used 5600K [0x0000000795580000, 0x0000000796080000, 0x00000007c0000000)
  eden space 4608K, 100% used [0x0000000795580000,0x0000000795a00000,0x0000000795a00000)
  from space 1024K, 96% used [0x0000000795a00000,0x0000000795af8010,0x0000000795b00000)
  to   space 1536K, 0% used [0x0000000795f00000,0x0000000795f00000,0x0000000796080000)
 ParOldGen       total 129536K, used 1341K [0x0000000740000000, 0x0000000747e80000, 0x0000000795580000)
  object space 129536K, 1% used [0x0000000740000000,0x000000074014f440,0x0000000747e80000)
 Metaspace       used 9506K, capacity 9688K, committed 9856K, reserved 1058816K
  class space    used 1283K, capacity 1302K, committed 1408K, reserved 1048576K
Event: 0.662 GC heap after
Heap after GC invocations=8 (full 0):
 PSYoungGen      total 9728K, used 1216K [0x0000000795580000, 0x0000000796180000, 0x00000007c0000000)
  eden space 8192K, 0% used [0x0000000795580000,0x0000000795580000,0x0000000795d80000)
  from space 1536K, 79% used [0x0000000795f00000,0x0000000796030010,0x0000000796080000)
  to   space 1536K, 0% used [0x0000000795d80000,0x0000000795d80000,0x0000000795f00000)
 ParOldGen       total 129536K, used 1501K [0x0000000740000000, 0x0000000747e80000, 0x0000000795580000)
  object space 129536K, 1% used [0x0000000740000000,0x0000000740177440,0x0000000747e80000)
 Metaspace       used 9506K, capacity 9688K, committed 9856K, reserved 1058816K
  class space    used 1283K, capacity 1302K, committed 1408K, reserved 1048576K
}
Event: 1.182 GC heap before
{Heap before GC invocations=9 (full 0):
 PSYoungGen      total 9728K, used 9408K [0x0000000795580000, 0x0000000796180000, 0x00000007c0000000)
  eden space 8192K, 100% used [0x0000000795580000,0x0000000795d80000,0x0000000795d80000)
  from space 1536K, 79% used [0x0000000795f00000,0x0000000796030010,0x0000000796080000)
  to   space 1536K, 0% used [0x0000000795d80000,0x0000000795d80000,0x0000000795f00000)
 ParOldGen       total 129536K, used 1501K [0x0000000740000000, 0x0000000747e80000, 0x0000000795580000)
  object space 129536K, 1% used [0x0000000740000000,0x0000000740177440,0x0000000747e80000)
 Metaspace       used 11052K, capacity 11172K, committed 11392K, reserved 1058816K
  class space    used 1532K, capacity 1558K, committed 1664K, reserved 1048576K
Event: 1.187 GC heap after
Heap after GC invocations=9 (full 0):
 PSYoungGen      total 9728K, used 1536K [0x0000000795580000, 0x0000000796c80000, 0x00000007c0000000)
  eden space 8192K, 0% used [0x0000000795580000,0x0000000795580000,0x0000000795d80000)
  from space 1536K, 100% used [0x0000000795d80000,0x0000000795f00000,0x0000000795f00000)
  to   space 5120K, 0% used [0x0000000796780000,0x0000000796780000,0x0000000796c80000)
 ParOldGen       total 129536K, used 9438K [0x0000000740000000, 0x0000000747e80000, 0x0000000795580000)
  object space 129536K, 7% used [0x0000000740000000,0x0000000740937b50,0x0000000747e80000)
 Metaspace       used 11052K, capacity 11172K, committed 11392K, reserved 1058816K
  class space    used 1532K, capacity 1558K, committed 1664K, reserved 1048576K
}
Event: 3.326 GC heap before
{Heap before GC invocations=10 (full 0):
 PSYoungGen      total 9728K, used 9212K [0x0000000795580000, 0x0000000796c80000, 0x00000007c0000000)
  eden space 8192K, 93% used [0x0000000795580000,0x0000000795cff0b8,0x0000000795d80000)
  from space 1536K, 100% used [0x0000000795d80000,0x0000000795f00000,0x0000000795f00000)
  to   space 5120K, 0% used [0x0000000796780000,0x0000000796780000,0x0000000796c80000)
 ParOldGen       total 129536K, used 9438K [0x0000000740000000, 0x0000000747e80000, 0x0000000795580000)
  object space 129536K, 7% used [0x0000000740000000,0x0000000740937b50,0x0000000747e80000)
 Metaspace       used 13959K, capacity 14110K, committed 14464K, reserved 1060864K
  class space    used 2149K, capacity 2176K, committed 2176K, reserved 1048576K
Event: 3.330 GC heap after
Heap after GC invocations=10 (full 0):
 PSYoungGen      total 17408K, used 1536K [0x0000000795580000, 0x0000000796b80000, 0x00000007c0000000)
  eden space 13312K, 0% used [0x0000000795580000,0x0000000795580000,0x0000000796280000)
  from space 4096K, 37% used [0x0000000796780000,0x0000000796900000,0x0000000796b80000)
  to   space 4608K, 0% used [0x0000000796280000,0x0000000796280000,0x0000000796700000)
 ParOldGen       total 129536K, used 10306K [0x0000000740000000, 0x0000000747e80000, 0x0000000795580000)
  object space 129536K, 7% used [0x0000000740000000,0x0000000740a10b60,0x0000000747e80000)
 Metaspace       used 13959K, capacity 14110K, committed 14464K, reserved 1060864K
  class space    used 2149K, capacity 2176K, committed 2176K, reserved 1048576K
}

