# JRE version: Java(TM) SE Runtime Environment (8.0_05-b13) (build 1.8.0_05-b13)
# Java VM: Java HotSpot(TM) 64-Bit Server VM (25.5-b02 mixed mode bsd-amd64 compressed oops)
Heap:
 PSYoungGen      total 17408K, used 9425K [0x0000000795580000, 0x0000000796b80000, 0x00000007c0000000)
  eden space 13312K, 59% used [0x0000000795580000,0x0000000795d2c418,0x0000000796280000)
  from space 4096K, 38% used [0x0000000796780000,0x0000000796908000,0x0000000796b80000)
  to   space 4608K, 0% used [0x0000000796280000,0x0000000796280000,0x0000000796700000)
 ParOldGen       total 129536K, used 10307K [0x0000000740000000, 0x0000000747e80000, 0x0000000795580000)
  object space 129536K, 7% used [0x0000000740000000,0x0000000740a10f00,0x0000000747e80000)
 Metaspace       used 14707K, capacity 14878K, committed 15104K, reserved 1062912K
  class space    used 2187K, capacity 2240K, committed 2304K, reserved 1048576K
GC Heap History (10 events):
Event: 0.367 GC heap before
{Heap before GC invocations=6 (full 0):
 PSYoungGen      total 2560K, used 2525K [0x0000000795580000, 0x0000000795c80000, 0x00000007c0000000)
  eden space 2048K, 99% used [0x0000000795580000,0x000000079577f4f0,0x0000000795780000)
  from space 512K, 93% used [0x0000000795780000,0x00000007957f8030,0x0000000795800000)
  to   space 1536K, 0% used [0x0000000795b00000,0x0000000795b00000,0x0000000795c80000)
 ParOldGen       total 129536K, used 948K [0x0000000740000000, 0x0000000747e80000, 0x0000000795580000)
  object space 129536K, 0% used [0x0000000740000000,0x00000007400ed020,0x0000000747e80000)
 Metaspace       used 5777K, capacity 6822K, committed 6912K, reserved 1056768K
  class space    used 688K, capacity 718K, committed 768K, reserved 1048576K
Event: 0.371 GC heap after
Heap after GC invocations=6 (full 0):
 PSYoungGen      total 5120K, used 624K [0x0000000795580000, 0x0000000795c00000, 0x00000007c0000000)
  eden space 4096K, 0% used [0x0000000795580000,0x0000000795580000,0x0000000795980000)
  from space 1024K, 60% used [0x0000000795b00000,0x0000000795b9c020,0x0000000795c00000)
  to   space 1024K, 0% used [0x0000000795a00000,0x0000000795a00000,0x0000000795b00000)
 ParOldGen       total 129536K, used 948K [0x0000000740000000, 0x0000000747e80000, 0x0000000795580000)
  object space 129536K, 0% used [0x0000000740000000,0x00000007400ed020,0x0000000747e80000)
 Metaspace       used 5777K, capacity 6822K, committed 6912K, reserved 1056768K
  class space    used 688K, capacity 718K, committed 768K, reserved 1048576K
}
Event: 0.475 GC heap before
{Heap before GC invocations=7 (full 0):
 PSYoungGen      total 5120K, used 4720K [0x0000000795580000, 0x0000000795c00000, 0x00000007c0000000)
  eden space 4096K, 100% used [0x0000000795580000,0x0000000795980000,0x0000000795980000)
  from space 1024K, 60% used [0x0000000795b00000,0x0000000795b9c020,0x0000000795c00000)
  to   space 1024K, 0% used [0x0000000795a00000,0x0000000795a00000,0x0000000795b00000)
 ParOldGen       total 129536K, used 948K [0x0000000740000000, 0x0000000747e80000, 0x0000000795580000)
  object space 129536K, 0% used [0x0000000740000000,0x00000007400ed020,0x0000000747e80000)
 Metaspace       used 7436K, capacity 8060K, committed 8192K, reserved 1056768K
  class space    used 950K, capacity 988K, committed 1024K, reserved 1048576K
Event: 0.478 GC heap after
Heap after GC invocations=7 (full 0):
 PSYoungGen      total 5632K, used 992K [0x0000000795580000, 0x0000000796080000, 0x00000007c0000000)
  eden space 4608K, 0% used [0x0000000795580000,0x0000000795580000,0x0000000795a00000)
  from space 1024K, 96% used [0x0000000795a00000,0x0000000795af8010,0x0000000795b00000)
  to   space 1536K, 0% used [0x0000000795f00000,0x0000000795f00000,0x0000000796080000)
 ParOldGen       total 129536K, used 1377K [0x0000000740000000, 0x0000000747e80000, 0x0000000795580000)
  object space 129536K, 1% used [0x0000000740000000,0x0000000740158450,0x0000000747e80000)
 Metaspace       used 7436K, capacity 8060K, committed 8192K, reserved 1056768K
  class space    used 950K, capacity 988K, committed 1024K, reserved 1048576K
}
Event: 0.639 GC heap before
{Heap before GC invocations=8 (full 0):
 PSYoungGen      total 5632K, used 5600K [0x0000000795580000, 0x0000000796080000, 0x00000007c0000000)
  eden space 4608K, 100% used [0x0000000795580000,0x0000000795a00000,0x0000000795a00000)
  from space 1024K, 96% used [0x0000000795a00000,0x0000000795af8010,0x0000000795b00000)
  to   space 1536K, 0% used [0x0000000795f00000,0x0000000795f00000,0x0000000796080000)
 ParOldGen       total 129536K, used 1377K [0x0000000740000000, 0x0000000747e80000, 0x0000000795580000)
  object space 129536K, 1% used [0x0000000740000000,0x0000000740158450,0x0000000747e80000)
 Metaspace       used 9509K, capacity 9688K, committed 9856K, reserved 1058816K
  class space    used 1283K, capacity 1302K, committed 1408K, reserved 1048576K
Event: 0.642 GC heap after
Heap after GC invocations=8 (full 0):
 PSYoungGen      total 9728K, used 1216K [0x0000000795580000, 0x0000000796180000, 0x00000007c0000000)
  eden space 8192K, 0% used [0x0000000795580000,0x0000000795580000,0x0000000795d80000)
  from space 1536K, 79% used [0x0000000795f00000,0x0000000796030010,0x0000000796080000)
  to   space 1536K, 0% used [0x0000000795d80000,0x0000000795d80000,0x0000000795f00000)
 ParOldGen       total 129536K, used 1537K [0x0000000740000000, 0x0000000747e80000, 0x0000000795580000)
  object space 129536K, 1% used [0x0000000740000000,0x0000000740180450,0x0000000747e80000)
 Metaspace       used 9509K, capacity 9688K, committed 9856K, reserved 1058816K
  class space    used 1283K, capacity 1302K, committed 1408K, reserved 1048576K
}
Event: 1.134 GC heap before
{Heap before GC invocations=9 (full 0):
 PSYoungGen      total 9728K, used 9408K [0x0000000795580000, 0x0000000796180000, 0x00000007c0000000)
  eden space 8192K, 100% used [0x0000000795580000,0x0000000795d80000,0x0000000795d80000)
  from space 1536K, 79% used [0x0000000795f00000,0x0000000796030010,0x0000000796080000)
  to   space 1536K, 0% used [0x0000000795d80000,0x0000000795d80000,0x0000000795f00000)
 ParOldGen       total 129536K, used 1537K [0x0000000740000000, 0x0000000747e80000, 0x0000000795580000)
  object space 129536K, 1% used [0x0000000740000000,0x0000000740180450,0x0000000747e80000)
 Metaspace       used 11068K, capacity 11236K, committed 11392K, reserved 1058816K
  class space    used 1529K, capacity 1558K, committed 1664K, reserved 1048576K
Event: 1.140 GC heap after
Heap after GC invocations=9 (full 0):
 PSYoungGen      total 9728K, used 1536K [0x0000000795580000, 0x0000000796c80000, 0x00000007c0000000)
  eden space 8192K, 0% used [0x0000000795580000,0x0000000795580000,0x0000000795d80000)
  from space 1536K, 100% used [0x0000000795d80000,0x0000000795f00000,0x0000000795f00000)
  to   space 5120K, 0% used [0x0000000796780000,0x0000000796780000,0x0000000796c80000)
 ParOldGen       total 129536K, used 9467K [0x0000000740000000, 0x0000000747e80000, 0x0000000795580000)
  object space 129536K, 7% used [0x0000000740000000,0x000000074093ef00,0x0000000747e80000)
 Metaspace       used 11068K, capacity 11236K, committed 11392K, reserved 1058816K
  class space    used 1529K, capacity 1558K, committed 1664K, reserved 1048576K
}
Event: 3.205 GC heap before
{Heap before GC invocations=10 (full 0):
 PSYoungGen      total 9728K, used 9168K [0x0000000795580000, 0x0000000796c80000, 0x00000007c0000000)
  eden space 8192K, 93% used [0x0000000795580000,0x0000000795cf4120,0x0000000795d80000)
  from space 1536K, 100% used [0x0000000795d80000,0x0000000795f00000,0x0000000795f00000)
  to   space 5120K, 0% used [0x0000000796780000,0x0000000796780000,0x0000000796c80000)
 ParOldGen       total 129536K, used 9467K [0x0000000740000000, 0x0000000747e80000, 0x0000000795580000)
  object space 129536K, 7% used [0x0000000740000000,0x000000074093ef00,0x0000000747e80000)
 Metaspace       used 13942K, capacity 14110K, committed 14464K, reserved 1060864K
  class space    used 2145K, capacity 2176K, committed 2176K, reserved 1048576K
Event: 3.209 GC heap after
Heap after GC invocations=10 (full 0):
 PSYoungGen      total 17408K, used 1568K [0x0000000795580000, 0x0000000796b80000, 0x00000007c0000000)
  eden space 13312K, 0% used [0x0000000795580000,0x0000000795580000,0x0000000796280000)
  from space 4096K, 38% used [0x0000000796780000,0x0000000796908000,0x0000000796b80000)
  to   space 4608K, 0% used [0x0000000796280000,0x0000000796280000,0x0000000796700000)
 ParOldGen       total 129536K, used 10307K [0x0000000740000000, 0x0000000747e80000, 0x0000000795580000)
  object space 129536K, 7% used [0x0000000740000000,0x0000000740a10f00,0x0000000747e80000)
 Metaspace       used 13942K, capacity 14110K, committed 14464K, reserved 1060864K
  class space    used 2145K, capacity 2176K, committed 2176K, reserved 1048576K
}

