# JRE version: Java(TM) SE Runtime Environment (8.0_05-b13) (build 1.8.0_05-b13)
# Java VM: Java HotSpot(TM) 64-Bit Server VM (25.5-b02 mixed mode bsd-amd64 compressed oops)
Heap:
 PSYoungGen      total 24576K, used 18542K [0x0000000795580000, 0x0000000798380000, 0x00000007c0000000)
  eden space 15360K, 61% used [0x0000000795580000,0x0000000795ebcf00,0x0000000796480000)
  from space 9216K, 98% used [0x0000000796480000,0x0000000796d5ecd0,0x0000000796d80000)
  to   space 11264K, 0% used [0x0000000797880000,0x0000000797880000,0x0000000798380000)
 ParOldGen       total 129536K, used 79235K [0x0000000740000000, 0x0000000747e80000, 0x0000000795580000)
  object space 129536K, 61% used [0x0000000740000000,0x0000000744d60cb8,0x0000000747e80000)
 Metaspace       used 16108K, capacity 16268K, committed 16384K, reserved 1062912K
  class space    used 2218K, capacity 2272K, committed 2304K, reserved 1048576K
GC Heap History (10 events):
Event: 1.429 GC heap before
{Heap before GC invocations=9 (full 0):
 PSYoungGen      total 9216K, used 9184K [0x0000000795580000, 0x0000000796180000, 0x00000007c0000000)
  eden space 7680K, 100% used [0x0000000795580000,0x0000000795d00000,0x0000000795d00000)
  from space 1536K, 97% used [0x0000000795f00000,0x0000000796078010,0x0000000796080000)
  to   space 2048K, 0% used [0x0000000795d00000,0x0000000795d00000,0x0000000795f00000)
 ParOldGen       total 129536K, used 56568K [0x0000000740000000, 0x0000000747e80000, 0x0000000795580000)
  object space 129536K, 43% used [0x0000000740000000,0x000000074373e270,0x0000000747e80000)
 Metaspace       used 11615K, capacity 11812K, committed 12032K, reserved 1058816K
  class space    used 1623K, capacity 1694K, committed 1792K, reserved 1048576K
Event: 1.458 GC heap after
Heap after GC invocations=9 (full 0):
 PSYoungGen      total 9728K, used 1618K [0x0000000795580000, 0x0000000796580000, 0x00000007c0000000)
  eden space 7680K, 0% used [0x0000000795580000,0x0000000795580000,0x0000000795d00000)
  from space 2048K, 79% used [0x0000000795d00000,0x0000000795e94a80,0x0000000795f00000)
  to   space 2048K, 0% used [0x0000000796380000,0x0000000796380000,0x0000000796580000)
 ParOldGen       total 129536K, used 58825K [0x0000000740000000, 0x0000000747e80000, 0x0000000795580000)
  object space 129536K, 45% used [0x0000000740000000,0x0000000743972670,0x0000000747e80000)
 Metaspace       used 11615K, capacity 11812K, committed 12032K, reserved 1058816K
  class space    used 1623K, capacity 1694K, committed 1792K, reserved 1048576K
}
Event: 3.187 GC heap before
{Heap before GC invocations=10 (full 0):
 PSYoungGen      total 9728K, used 9298K [0x0000000795580000, 0x0000000796580000, 0x00000007c0000000)
  eden space 7680K, 100% used [0x0000000795580000,0x0000000795d00000,0x0000000795d00000)
  from space 2048K, 79% used [0x0000000795d00000,0x0000000795e94a80,0x0000000795f00000)
  to   space 2048K, 0% used [0x0000000796380000,0x0000000796380000,0x0000000796580000)
 ParOldGen       total 129536K, used 58825K [0x0000000740000000, 0x0000000747e80000, 0x0000000795580000)
  object space 129536K, 45% used [0x0000000740000000,0x0000000743972670,0x0000000747e80000)
 Metaspace       used 13895K, capacity 14092K, committed 14464K, reserved 1060864K
  class space    used 2006K, capacity 2080K, committed 2176K, reserved 1048576K
Event: 3.193 GC heap after
Heap after GC invocations=10 (full 0):
 PSYoungGen      total 13312K, used 2021K [0x0000000795580000, 0x0000000796780000, 0x00000007c0000000)
  eden space 11264K, 0% used [0x0000000795580000,0x0000000795580000,0x0000000796080000)
  from space 2048K, 98% used [0x0000000796380000,0x00000007965797b0,0x0000000796580000)
  to   space 3072K, 0% used [0x0000000796080000,0x0000000796080000,0x0000000796380000)
 ParOldGen       total 129536K, used 60886K [0x0000000740000000, 0x0000000747e80000, 0x0000000795580000)
  object space 129536K, 47% used [0x0000000740000000,0x0000000743b759c0,0x0000000747e80000)
 Metaspace       used 13895K, capacity 14092K, committed 14464K, reserved 1060864K
  class space    used 2006K, capacity 2080K, committed 2176K, reserved 1048576K
}
Event: 3.369 GC heap before
{Heap before GC invocations=11 (full 0):
 PSYoungGen      total 13312K, used 13282K [0x0000000795580000, 0x0000000796780000, 0x00000007c0000000)
  eden space 11264K, 99% used [0x0000000795580000,0x000000079607f200,0x0000000796080000)
  from space 2048K, 98% used [0x0000000796380000,0x00000007965797b0,0x0000000796580000)
  to   space 3072K, 0% used [0x0000000796080000,0x0000000796080000,0x0000000796380000)
 ParOldGen       total 129536K, used 60886K [0x0000000740000000, 0x0000000747e80000, 0x0000000795580000)
  object space 129536K, 47% used [0x0000000740000000,0x0000000743b759c0,0x0000000747e80000)
 Metaspace       used 15149K, capacity 15372K, committed 15616K, reserved 1062912K
  class space    used 2202K, capacity 2272K, committed 2304K, reserved 1048576K
Event: 3.374 GC heap after
Heap after GC invocations=11 (full 0):
 PSYoungGen      total 14336K, used 3047K [0x0000000795580000, 0x0000000797380000, 0x00000007c0000000)
  eden space 11264K, 0% used [0x0000000795580000,0x0000000795580000,0x0000000796080000)
  from space 3072K, 99% used [0x0000000796080000,0x0000000796379f90,0x0000000796380000)
  to   space 6144K, 0% used [0x0000000796d80000,0x0000000796d80000,0x0000000797380000)
 ParOldGen       total 129536K, used 66827K [0x0000000740000000, 0x0000000747e80000, 0x0000000795580000)
  object space 129536K, 51% used [0x0000000740000000,0x0000000744142fd0,0x0000000747e80000)
 Metaspace       used 15149K, capacity 15372K, committed 15616K, reserved 1062912K
  class space    used 2202K, capacity 2272K, committed 2304K, reserved 1048576K
}
Event: 3.458 GC heap before
{Heap before GC invocations=12 (full 0):
 PSYoungGen      total 14336K, used 14311K [0x0000000795580000, 0x0000000797380000, 0x00000007c0000000)
  eden space 11264K, 100% used [0x0000000795580000,0x0000000796080000,0x0000000796080000)
  from space 3072K, 99% used [0x0000000796080000,0x0000000796379f90,0x0000000796380000)
  to   space 6144K, 0% used [0x0000000796d80000,0x0000000796d80000,0x0000000797380000)
 ParOldGen       total 129536K, used 66827K [0x0000000740000000, 0x0000000747e80000, 0x0000000795580000)
  object space 129536K, 51% used [0x0000000740000000,0x0000000744142fd0,0x0000000747e80000)
 Metaspace       used 15194K, capacity 15372K, committed 15616K, reserved 1062912K
  class space    used 2202K, capacity 2272K, committed 2304K, reserved 1048576K
Event: 3.463 GC heap after
Heap after GC invocations=12 (full 0):
 PSYoungGen      total 21504K, used 6122K [0x0000000795580000, 0x0000000797980000, 0x00000007c0000000)
  eden space 15360K, 0% used [0x0000000795580000,0x0000000795580000,0x0000000796480000)
  from space 6144K, 99% used [0x0000000796d80000,0x000000079737ab38,0x0000000797380000)
  to   space 9216K, 0% used [0x0000000796480000,0x0000000796480000,0x0000000796d80000)
 ParOldGen       total 129536K, used 73106K [0x0000000740000000, 0x0000000747e80000, 0x0000000795580000)
  object space 129536K, 56% used [0x0000000740000000,0x0000000744764a40,0x0000000747e80000)
 Metaspace       used 15194K, capacity 15372K, committed 15616K, reserved 1062912K
  class space    used 2202K, capacity 2272K, committed 2304K, reserved 1048576K
}
Event: 3.561 GC heap before
{Heap before GC invocations=13 (full 0):
 PSYoungGen      total 21504K, used 20076K [0x0000000795580000, 0x0000000797980000, 0x00000007c0000000)
  eden space 15360K, 90% used [0x0000000795580000,0x0000000796320618,0x0000000796480000)
  from space 6144K, 99% used [0x0000000796d80000,0x000000079737ab38,0x0000000797380000)
  to   space 9216K, 0% used [0x0000000796480000,0x0000000796480000,0x0000000796d80000)
 ParOldGen       total 129536K, used 73106K [0x0000000740000000, 0x0000000747e80000, 0x0000000795580000)
  object space 129536K, 56% used [0x0000000740000000,0x0000000744764a40,0x0000000747e80000)
 Metaspace       used 15214K, capacity 15436K, committed 15616K, reserved 1062912K
  class space    used 2204K, capacity 2272K, committed 2304K, reserved 1048576K
Event: 3.567 GC heap after
Heap after GC invocations=13 (full 0):
 PSYoungGen      total 24576K, used 9083K [0x0000000795580000, 0x0000000798380000, 0x00000007c0000000)
  eden space 15360K, 0% used [0x0000000795580000,0x0000000795580000,0x0000000796480000)
  from space 9216K, 98% used [0x0000000796480000,0x0000000796d5ecd0,0x0000000796d80000)
  to   space 11264K, 0% used [0x0000000797880000,0x0000000797880000,0x0000000798380000)
 ParOldGen       total 129536K, used 79235K [0x0000000740000000, 0x0000000747e80000, 0x0000000795580000)
  object space 129536K, 61% used [0x0000000740000000,0x0000000744d60cb8,0x0000000747e80000)
 Metaspace       used 15214K, capacity 15436K, committed 15616K, reserved 1062912K
  class space    used 2204K, capacity 2272K, committed 2304K, reserved 1048576K
}

