# JRE version: Java(TM) SE Runtime Environment (8.0_05-b13) (build 1.8.0_05-b13)
# Java VM: Java HotSpot(TM) 64-Bit Server VM (25.5-b02 mixed mode bsd-amd64 compressed oops)
Heap:
 PSYoungGen      total 36352K, used 6470K [0x0000000795580000, 0x0000000798380000, 0x00000007c0000000)
  eden space 25600K, 6% used [0x0000000795580000,0x0000000795736e50,0x0000000796e80000)
  from space 10752K, 43% used [0x0000000797900000,0x0000000797d9aa38,0x0000000798380000)
  to   space 10752K, 0% used [0x0000000796e80000,0x0000000796e80000,0x0000000797900000)
 ParOldGen       total 129536K, used 87716K [0x0000000740000000, 0x0000000747e80000, 0x0000000795580000)
  object space 129536K, 67% used [0x0000000740000000,0x00000007455a9058,0x0000000747e80000)
 Metaspace       used 16776K, capacity 16946K, committed 17152K, reserved 1064960K
  class space    used 2382K, capacity 2433K, committed 2560K, reserved 1048576K
GC Heap History (10 events):
Event: 3.152 GC heap before
{Heap before GC invocations=10 (full 0):
 PSYoungGen      total 9728K, used 9504K [0x0000000795580000, 0x0000000796580000, 0x00000007c0000000)
  eden space 7680K, 100% used [0x0000000795580000,0x0000000795d00000,0x0000000795d00000)
  from space 2048K, 89% used [0x0000000795d00000,0x0000000795ec8000,0x0000000795f00000)
  to   space 2048K, 0% used [0x0000000796380000,0x0000000796380000,0x0000000796580000)
 ParOldGen       total 129536K, used 58575K [0x0000000740000000, 0x0000000747e80000, 0x0000000795580000)
  object space 129536K, 45% used [0x0000000740000000,0x0000000743933f20,0x0000000747e80000)
 Metaspace       used 12500K, capacity 12576K, committed 12672K, reserved 1060864K
  class space    used 1797K, capacity 1848K, committed 1920K, reserved 1048576K
Event: 3.157 GC heap after
Heap after GC invocations=10 (full 0):
 PSYoungGen      total 13824K, used 1449K [0x0000000795580000, 0x0000000796680000, 0x00000007c0000000)
  eden space 11776K, 0% used [0x0000000795580000,0x0000000795580000,0x0000000796100000)
  from space 2048K, 70% used [0x0000000796380000,0x00000007964ea410,0x0000000796580000)
  to   space 2560K, 0% used [0x0000000796100000,0x0000000796100000,0x0000000796380000)
 ParOldGen       total 129536K, used 63947K [0x0000000740000000, 0x0000000747e80000, 0x0000000795580000)
  object space 129536K, 49% used [0x0000000740000000,0x0000000743e72d90,0x0000000747e80000)
 Metaspace       used 12500K, capacity 12576K, committed 12672K, reserved 1060864K
  class space    used 1797K, capacity 1848K, committed 1920K, reserved 1048576K
}
Event: 7.387 GC heap before
{Heap before GC invocations=11 (full 0):
 PSYoungGen      total 13824K, used 13225K [0x0000000795580000, 0x0000000796680000, 0x00000007c0000000)
  eden space 11776K, 100% used [0x0000000795580000,0x0000000796100000,0x0000000796100000)
  from space 2048K, 70% used [0x0000000796380000,0x00000007964ea410,0x0000000796580000)
  to   space 2560K, 0% used [0x0000000796100000,0x0000000796100000,0x0000000796380000)
 ParOldGen       total 129536K, used 63947K [0x0000000740000000, 0x0000000747e80000, 0x0000000795580000)
  object space 129536K, 49% used [0x0000000740000000,0x0000000743e72d90,0x0000000747e80000)
 Metaspace       used 15618K, capacity 15826K, committed 16000K, reserved 1062912K
  class space    used 2332K, capacity 2401K, committed 2432K, reserved 1048576K
Event: 7.392 GC heap after
Heap after GC invocations=11 (full 0):
 PSYoungGen      total 14336K, used 2548K [0x0000000795580000, 0x0000000797000000, 0x00000007c0000000)
  eden space 11776K, 0% used [0x0000000795580000,0x0000000795580000,0x0000000796100000)
  from space 2560K, 99% used [0x0000000796100000,0x000000079637d030,0x0000000796380000)
  to   space 4096K, 0% used [0x0000000796c00000,0x0000000796c00000,0x0000000797000000)
 ParOldGen       total 129536K, used 67064K [0x0000000740000000, 0x0000000747e80000, 0x0000000795580000)
  object space 129536K, 51% used [0x0000000740000000,0x000000074417e278,0x0000000747e80000)
 Metaspace       used 15618K, capacity 15826K, committed 16000K, reserved 1062912K
  class space    used 2332K, capacity 2401K, committed 2432K, reserved 1048576K
}
Event: 7.507 GC heap before
{Heap before GC invocations=12 (full 0):
 PSYoungGen      total 14336K, used 14324K [0x0000000795580000, 0x0000000797000000, 0x00000007c0000000)
  eden space 11776K, 100% used [0x0000000795580000,0x0000000796100000,0x0000000796100000)
  from space 2560K, 99% used [0x0000000796100000,0x000000079637d030,0x0000000796380000)
  to   space 4096K, 0% used [0x0000000796c00000,0x0000000796c00000,0x0000000797000000)
 ParOldGen       total 129536K, used 67064K [0x0000000740000000, 0x0000000747e80000, 0x0000000795580000)
  object space 129536K, 51% used [0x0000000740000000,0x000000074417e278,0x0000000747e80000)
 Metaspace       used 15661K, capacity 15826K, committed 16000K, reserved 1062912K
  class space    used 2334K, capacity 2401K, committed 2432K, reserved 1048576K
Event: 7.512 GC heap after
Heap after GC invocations=12 (full 0):
 PSYoungGen      total 19968K, used 4082K [0x0000000795580000, 0x0000000797600000, 0x00000007c0000000)
  eden space 15872K, 0% used [0x0000000795580000,0x0000000795580000,0x0000000796500000)
  from space 4096K, 99% used [0x0000000796c00000,0x0000000796ffc8f0,0x0000000797000000)
  to   space 7168K, 0% used [0x0000000796500000,0x0000000796500000,0x0000000796c00000)
 ParOldGen       total 129536K, used 73382K [0x0000000740000000, 0x0000000747e80000, 0x0000000795580000)
  object space 129536K, 56% used [0x0000000740000000,0x00000007447a98f8,0x0000000747e80000)
 Metaspace       used 15661K, capacity 15826K, committed 16000K, reserved 1062912K
  class space    used 2334K, capacity 2401K, committed 2432K, reserved 1048576K
}
Event: 7.624 GC heap before
{Heap before GC invocations=13 (full 0):
 PSYoungGen      total 19968K, used 19954K [0x0000000795580000, 0x0000000797600000, 0x00000007c0000000)
  eden space 15872K, 100% used [0x0000000795580000,0x0000000796500000,0x0000000796500000)
  from space 4096K, 99% used [0x0000000796c00000,0x0000000796ffc8f0,0x0000000797000000)
  to   space 7168K, 0% used [0x0000000796500000,0x0000000796500000,0x0000000796c00000)
 ParOldGen       total 129536K, used 73382K [0x0000000740000000, 0x0000000747e80000, 0x0000000795580000)
  object space 129536K, 56% used [0x0000000740000000,0x00000007447a98f8,0x0000000747e80000)
 Metaspace       used 15698K, capacity 15890K, committed 16000K, reserved 1062912K
  class space    used 2334K, capacity 2401K, committed 2432K, reserved 1048576K
Event: 7.630 GC heap after
Heap after GC invocations=13 (full 0):
 PSYoungGen      total 23040K, used 7157K [0x0000000795580000, 0x0000000798380000, 0x00000007c0000000)
  eden space 15872K, 0% used [0x0000000795580000,0x0000000795580000,0x0000000796500000)
  from space 7168K, 99% used [0x0000000796500000,0x0000000796bfd7b0,0x0000000796c00000)
  to   space 10752K, 0% used [0x0000000797900000,0x0000000797900000,0x0000000798380000)
 ParOldGen       total 129536K, used 80560K [0x0000000740000000, 0x0000000747e80000, 0x0000000795580000)
  object space 129536K, 62% used [0x0000000740000000,0x0000000744eac168,0x0000000747e80000)
 Metaspace       used 15698K, capacity 15890K, committed 16000K, reserved 1062912K
  class space    used 2334K, capacity 2401K, committed 2432K, reserved 1048576K
}
Event: 48.854 GC heap before
{Heap before GC invocations=14 (full 0):
 PSYoungGen      total 23040K, used 23029K [0x0000000795580000, 0x0000000798380000, 0x00000007c0000000)
  eden space 15872K, 100% used [0x0000000795580000,0x0000000796500000,0x0000000796500000)
  from space 7168K, 99% used [0x0000000796500000,0x0000000796bfd7b0,0x0000000796c00000)
  to   space 10752K, 0% used [0x0000000797900000,0x0000000797900000,0x0000000798380000)
 ParOldGen       total 129536K, used 80560K [0x0000000740000000, 0x0000000747e80000, 0x0000000795580000)
  object space 129536K, 62% used [0x0000000740000000,0x0000000744eac168,0x0000000747e80000)
 Metaspace       used 16710K, capacity 16882K, committed 17152K, reserved 1064960K
  class space    used 2381K, capacity 2433K, committed 2560K, reserved 1048576K
Event: 48.861 GC heap after
Heap after GC invocations=14 (full 0):
 PSYoungGen      total 36352K, used 4714K [0x0000000795580000, 0x0000000798380000, 0x00000007c0000000)
  eden space 25600K, 0% used [0x0000000795580000,0x0000000795580000,0x0000000796e80000)
  from space 10752K, 43% used [0x0000000797900000,0x0000000797d9aa38,0x0000000798380000)
  to   space 10752K, 0% used [0x0000000796e80000,0x0000000796e80000,0x0000000797900000)
 ParOldGen       total 129536K, used 87716K [0x0000000740000000, 0x0000000747e80000, 0x0000000795580000)
  object space 129536K, 67% used [0x0000000740000000,0x00000007455a9058,0x0000000747e80000)
 Metaspace       used 16710K, capacity 16882K, committed 17152K, reserved 1064960K
  class space    used 2381K, capacity 2433K, committed 2560K, reserved 1048576K
}

