# JRE version: Java(TM) SE Runtime Environment (8.0_05-b13) (build 1.8.0_05-b13)
# Java VM: Java HotSpot(TM) 64-Bit Server VM (25.5-b02 mixed mode bsd-amd64 compressed oops)
Heap:
 PSYoungGen      total 40960K, used 9220K [0x0000000795580000, 0x0000000799c80000, 0x00000007c0000000)
  eden space 28160K, 32% used [0x0000000795580000,0x0000000795e81220,0x0000000797100000)
  from space 12800K, 0% used [0x0000000797100000,0x0000000797100000,0x0000000797d80000)
  to   space 14848K, 0% used [0x0000000798e00000,0x0000000798e00000,0x0000000799c80000)
 ParOldGen       total 165376K, used 137093K [0x0000000740000000, 0x000000074a180000, 0x0000000795580000)
  object space 165376K, 82% used [0x0000000740000000,0x00000007485e1720,0x000000074a180000)
 Metaspace       used 15917K, capacity 16044K, committed 16384K, reserved 1062912K
  class space    used 2201K, capacity 2240K, committed 2304K, reserved 1048576K
GC Heap History (10 events):
Event: 5.551 GC heap before
{Heap before GC invocations=13 (full 0):
 PSYoungGen      total 23552K, used 23314K [0x0000000795580000, 0x0000000797500000, 0x00000007c0000000)
  eden space 17920K, 99% used [0x0000000795580000,0x00000007966faea8,0x0000000796700000)
  from space 5632K, 96% used [0x0000000796d80000,0x00000007972c9a30,0x0000000797300000)
  to   space 6656K, 0% used [0x0000000796700000,0x0000000796700000,0x0000000796d80000)
 ParOldGen       total 129536K, used 74057K [0x0000000740000000, 0x0000000747e80000, 0x0000000795580000)
  object space 129536K, 57% used [0x0000000740000000,0x0000000744852468,0x0000000747e80000)
 Metaspace       used 15029K, capacity 15148K, committed 15360K, reserved 1062912K
  class space    used 2183K, capacity 2240K, committed 2304K, reserved 1048576K
Event: 5.559 GC heap after
Heap after GC invocations=13 (full 0):
 PSYoungGen      total 24576K, used 6644K [0x0000000795580000, 0x0000000798980000, 0x00000007c0000000)
  eden space 17920K, 0% used [0x0000000795580000,0x0000000795580000,0x0000000796700000)
  from space 6656K, 99% used [0x0000000796700000,0x0000000796d7d340,0x0000000796d80000)
  to   space 12288K, 0% used [0x0000000797d80000,0x0000000797d80000,0x0000000798980000)
 ParOldGen       total 129536K, used 87271K [0x0000000740000000, 0x0000000747e80000, 0x0000000795580000)
  object space 129536K, 67% used [0x0000000740000000,0x0000000745539d78,0x0000000747e80000)
 Metaspace       used 15029K, capacity 15148K, committed 15360K, reserved 1062912K
  class space    used 2183K, capacity 2240K, committed 2304K, reserved 1048576K
}
Event: 5.761 GC heap before
{Heap before GC invocations=14 (full 0):
 PSYoungGen      total 24576K, used 24498K [0x0000000795580000, 0x0000000798980000, 0x00000007c0000000)
  eden space 17920K, 99% used [0x0000000795580000,0x00000007966ef650,0x0000000796700000)
  from space 6656K, 99% used [0x0000000796700000,0x0000000796d7d340,0x0000000796d80000)
  to   space 12288K, 0% used [0x0000000797d80000,0x0000000797d80000,0x0000000798980000)
 ParOldGen       total 129536K, used 96646K [0x0000000740000000, 0x0000000747e80000, 0x0000000795580000)
  object space 129536K, 74% used [0x0000000740000000,0x0000000745e61988,0x0000000747e80000)
 Metaspace       used 15046K, capacity 15148K, committed 15360K, reserved 1062912K
  class space    used 2185K, capacity 2240K, committed 2304K, reserved 1048576K
Event: 5.772 GC heap after
Heap after GC invocations=14 (full 0):
 PSYoungGen      total 40448K, used 6825K [0x0000000795580000, 0x0000000798a80000, 0x00000007c0000000)
  eden space 28160K, 0% used [0x0000000795580000,0x0000000795580000,0x0000000797100000)
  from space 12288K, 55% used [0x0000000797d80000,0x000000079842a440,0x0000000798980000)
  to   space 12800K, 0% used [0x0000000797100000,0x0000000797100000,0x0000000797d80000)
 ParOldGen       total 129536K, used 112620K [0x0000000740000000, 0x0000000747e80000, 0x0000000795580000)
  object space 129536K, 86% used [0x0000000740000000,0x0000000746dfb318,0x0000000747e80000)
 Metaspace       used 15046K, capacity 15148K, committed 15360K, reserved 1062912K
  class space    used 2185K, capacity 2240K, committed 2304K, reserved 1048576K
}
Event: 5.773 GC heap before
{Heap before GC invocations=15 (full 1):
 PSYoungGen      total 40448K, used 6825K [0x0000000795580000, 0x0000000798a80000, 0x00000007c0000000)
  eden space 28160K, 0% used [0x0000000795580000,0x0000000795580000,0x0000000797100000)
  from space 12288K, 55% used [0x0000000797d80000,0x000000079842a440,0x0000000798980000)
  to   space 12800K, 0% used [0x0000000797100000,0x0000000797100000,0x0000000797d80000)
 ParOldGen       total 129536K, used 112620K [0x0000000740000000, 0x0000000747e80000, 0x0000000795580000)
  object space 129536K, 86% used [0x0000000740000000,0x0000000746dfb318,0x0000000747e80000)
 Metaspace       used 15046K, capacity 15148K, committed 15360K, reserved 1062912K
  class space    used 2185K, capacity 2240K, committed 2304K, reserved 1048576K
Event: 5.810 GC heap after
Heap after GC invocations=15 (full 1):
 PSYoungGen      total 40448K, used 0K [0x0000000795580000, 0x0000000798a80000, 0x00000007c0000000)
  eden space 28160K, 0% used [0x0000000795580000,0x0000000795580000,0x0000000797100000)
  from space 12288K, 0% used [0x0000000797d80000,0x0000000797d80000,0x0000000798980000)
  to   space 12800K, 0% used [0x0000000797100000,0x0000000797100000,0x0000000797d80000)
 ParOldGen       total 140800K, used 115376K [0x0000000740000000, 0x0000000748980000, 0x0000000795580000)
  object space 140800K, 81% used [0x0000000740000000,0x00000007470ac150,0x0000000748980000)
 Metaspace       used 15046K, capacity 15148K, committed 15360K, reserved 1062912K
  class space    used 2185K, capacity 2240K, committed 2304K, reserved 1048576K
}
Event: 6.043 GC heap before
{Heap before GC invocations=16 (full 1):
 PSYoungGen      total 40448K, used 25926K [0x0000000795580000, 0x0000000798a80000, 0x00000007c0000000)
  eden space 28160K, 92% used [0x0000000795580000,0x0000000796ed18b0,0x0000000797100000)
  from space 12288K, 0% used [0x0000000797d80000,0x0000000797d80000,0x0000000798980000)
  to   space 12800K, 0% used [0x0000000797100000,0x0000000797100000,0x0000000797d80000)
 ParOldGen       total 140800K, used 115376K [0x0000000740000000, 0x0000000748980000, 0x0000000795580000)
  object space 140800K, 81% used [0x0000000740000000,0x00000007470ac150,0x0000000748980000)
 Metaspace       used 15055K, capacity 15212K, committed 15360K, reserved 1062912K
  class space    used 2187K, capacity 2240K, committed 2304K, reserved 1048576K
Event: 6.061 GC heap after
Heap after GC invocations=16 (full 1):
 PSYoungGen      total 40960K, used 12676K [0x0000000795580000, 0x0000000799c80000, 0x00000007c0000000)
  eden space 28160K, 0% used [0x0000000795580000,0x0000000795580000,0x0000000797100000)
  from space 12800K, 99% used [0x0000000797100000,0x0000000797d610d0,0x0000000797d80000)
  to   space 14848K, 0% used [0x0000000798e00000,0x0000000798e00000,0x0000000799c80000)
 ParOldGen       total 140800K, used 124759K [0x0000000740000000, 0x0000000748980000, 0x0000000795580000)
  object space 140800K, 88% used [0x0000000740000000,0x00000007479d5d60,0x0000000748980000)
 Metaspace       used 15055K, capacity 15212K, committed 15360K, reserved 1062912K
  class space    used 2187K, capacity 2240K, committed 2304K, reserved 1048576K
}
Event: 6.061 GC heap before
{Heap before GC invocations=17 (full 2):
 PSYoungGen      total 40960K, used 12676K [0x0000000795580000, 0x0000000799c80000, 0x00000007c0000000)
  eden space 28160K, 0% used [0x0000000795580000,0x0000000795580000,0x0000000797100000)
  from space 12800K, 99% used [0x0000000797100000,0x0000000797d610d0,0x0000000797d80000)
  to   space 14848K, 0% used [0x0000000798e00000,0x0000000798e00000,0x0000000799c80000)
 ParOldGen       total 140800K, used 124759K [0x0000000740000000, 0x0000000748980000, 0x0000000795580000)
  object space 140800K, 88% used [0x0000000740000000,0x00000007479d5d60,0x0000000748980000)
 Metaspace       used 15055K, capacity 15212K, committed 15360K, reserved 1062912K
  class space    used 2187K, capacity 2240K, committed 2304K, reserved 1048576K
Event: 6.129 GC heap after
Heap after GC invocations=17 (full 2):
 PSYoungGen      total 40960K, used 0K [0x0000000795580000, 0x0000000799c80000, 0x00000007c0000000)
  eden space 28160K, 0% used [0x0000000795580000,0x0000000795580000,0x0000000797100000)
  from space 12800K, 0% used [0x0000000797100000,0x0000000797100000,0x0000000797d80000)
  to   space 14848K, 0% used [0x0000000798e00000,0x0000000798e00000,0x0000000799c80000)
 ParOldGen       total 165376K, used 137093K [0x0000000740000000, 0x000000074a180000, 0x0000000795580000)
  object space 165376K, 82% used [0x0000000740000000,0x00000007485e1720,0x000000074a180000)
 Metaspace       used 15055K, capacity 15212K, committed 15360K, reserved 1062912K
  class space    used 2187K, capacity 2240K, committed 2304K, reserved 1048576K
}

