# JRE version: Java(TM) SE Runtime Environment (8.0_05-b13) (build 1.8.0_05-b13)
# Java VM: Java HotSpot(TM) 64-Bit Server VM (25.5-b02 mixed mode bsd-amd64 compressed oops)
Heap:
 PSYoungGen      total 32768K, used 7678K [0x0000000795580000, 0x0000000798e00000, 0x00000007c0000000)
  eden space 22016K, 34% used [0x0000000795580000,0x0000000795cff8e8,0x0000000796b00000)
  from space 10752K, 0% used [0x0000000796b00000,0x0000000796b00000,0x0000000797580000)
  to   space 11776K, 0% used [0x0000000798280000,0x0000000798280000,0x0000000798e00000)
 ParOldGen       total 157696K, used 130392K [0x0000000740000000, 0x0000000749a00000, 0x0000000795580000)
  object space 157696K, 82% used [0x0000000740000000,0x0000000747f560a0,0x0000000749a00000)
 Metaspace       used 16120K, capacity 16246K, committed 16512K, reserved 1062912K
  class space    used 2239K, capacity 2307K, committed 2432K, reserved 1048576K
GC Heap History (10 events):
Event: 6.215 GC heap before
{Heap before GC invocations=13 (full 0):
 PSYoungGen      total 19456K, used 16474K [0x0000000795580000, 0x0000000797600000, 0x00000007c0000000)
  eden space 16384K, 81% used [0x0000000795580000,0x00000007962974a8,0x0000000796580000)
  from space 3072K, 99% used [0x0000000796c00000,0x0000000796eff650,0x0000000796f00000)
  to   space 6656K, 0% used [0x0000000796580000,0x0000000796580000,0x0000000796c00000)
 ParOldGen       total 129536K, used 81165K [0x0000000740000000, 0x0000000747e80000, 0x0000000795580000)
  object space 129536K, 62% used [0x0000000740000000,0x0000000744f43618,0x0000000747e80000)
 Metaspace       used 15394K, capacity 15574K, committed 15872K, reserved 1062912K
  class space    used 2225K, capacity 2275K, committed 2304K, reserved 1048576K
Event: 6.223 GC heap after
Heap after GC invocations=13 (full 0):
 PSYoungGen      total 23040K, used 2623K [0x0000000795580000, 0x0000000797b80000, 0x00000007c0000000)
  eden space 16384K, 0% used [0x0000000795580000,0x0000000795580000,0x0000000796580000)
  from space 6656K, 39% used [0x0000000796580000,0x000000079680fea0,0x0000000796c00000)
  to   space 6144K, 0% used [0x0000000797580000,0x0000000797580000,0x0000000797b80000)
 ParOldGen       total 129536K, used 93566K [0x0000000740000000, 0x0000000747e80000, 0x0000000795580000)
  object space 129536K, 72% used [0x0000000740000000,0x0000000745b5fbf8,0x0000000747e80000)
 Metaspace       used 15394K, capacity 15574K, committed 15872K, reserved 1062912K
  class space    used 2225K, capacity 2275K, committed 2304K, reserved 1048576K
}
Event: 6.421 GC heap before
{Heap before GC invocations=14 (full 0):
 PSYoungGen      total 23040K, used 19007K [0x0000000795580000, 0x0000000797b80000, 0x00000007c0000000)
  eden space 16384K, 100% used [0x0000000795580000,0x0000000796580000,0x0000000796580000)
  from space 6656K, 39% used [0x0000000796580000,0x000000079680fea0,0x0000000796c00000)
  to   space 6144K, 0% used [0x0000000797580000,0x0000000797580000,0x0000000797b80000)
 ParOldGen       total 129536K, used 102942K [0x0000000740000000, 0x0000000747e80000, 0x0000000795580000)
  object space 129536K, 79% used [0x0000000740000000,0x0000000746487808,0x0000000747e80000)
 Metaspace       used 15425K, capacity 15638K, committed 15872K, reserved 1062912K
  class space    used 2225K, capacity 2275K, committed 2304K, reserved 1048576K
Event: 6.426 GC heap after
Heap after GC invocations=14 (full 0):
 PSYoungGen      total 28160K, used 6142K [0x0000000795580000, 0x0000000798480000, 0x00000007c0000000)
  eden space 22016K, 0% used [0x0000000795580000,0x0000000795580000,0x0000000796b00000)
  from space 6144K, 99% used [0x0000000797580000,0x0000000797b7f8d8,0x0000000797b80000)
  to   space 10752K, 0% used [0x0000000796b00000,0x0000000796b00000,0x0000000797580000)
 ParOldGen       total 129536K, used 112094K [0x0000000740000000, 0x0000000747e80000, 0x0000000795580000)
  object space 129536K, 86% used [0x0000000740000000,0x0000000746d77800,0x0000000747e80000)
 Metaspace       used 15425K, capacity 15638K, committed 15872K, reserved 1062912K
  class space    used 2225K, capacity 2275K, committed 2304K, reserved 1048576K
}
Event: 6.426 GC heap before
{Heap before GC invocations=15 (full 1):
 PSYoungGen      total 28160K, used 6142K [0x0000000795580000, 0x0000000798480000, 0x00000007c0000000)
  eden space 22016K, 0% used [0x0000000795580000,0x0000000795580000,0x0000000796b00000)
  from space 6144K, 99% used [0x0000000797580000,0x0000000797b7f8d8,0x0000000797b80000)
  to   space 10752K, 0% used [0x0000000796b00000,0x0000000796b00000,0x0000000797580000)
 ParOldGen       total 129536K, used 112094K [0x0000000740000000, 0x0000000747e80000, 0x0000000795580000)
  object space 129536K, 86% used [0x0000000740000000,0x0000000746d77800,0x0000000747e80000)
 Metaspace       used 15425K, capacity 15638K, committed 15872K, reserved 1062912K
  class space    used 2225K, capacity 2275K, committed 2304K, reserved 1048576K
Event: 6.456 GC heap after
Heap after GC invocations=15 (full 1):
 PSYoungGen      total 28160K, used 0K [0x0000000795580000, 0x0000000798480000, 0x00000007c0000000)
  eden space 22016K, 0% used [0x0000000795580000,0x0000000795580000,0x0000000796b00000)
  from space 6144K, 0% used [0x0000000797580000,0x0000000797580000,0x0000000797b80000)
  to   space 10752K, 0% used [0x0000000796b00000,0x0000000796b00000,0x0000000797580000)
 ParOldGen       total 136192K, used 112300K [0x0000000740000000, 0x0000000748500000, 0x0000000795580000)
  object space 136192K, 82% used [0x0000000740000000,0x0000000746dab090,0x0000000748500000)
 Metaspace       used 15425K, capacity 15638K, committed 15872K, reserved 1062912K
  class space    used 2225K, capacity 2275K, committed 2304K, reserved 1048576K
}
Event: 6.608 GC heap before
{Heap before GC invocations=16 (full 1):
 PSYoungGen      total 28160K, used 21552K [0x0000000795580000, 0x0000000798480000, 0x00000007c0000000)
  eden space 22016K, 97% used [0x0000000795580000,0x0000000796a8c1e8,0x0000000796b00000)
  from space 6144K, 0% used [0x0000000797580000,0x0000000797580000,0x0000000797b80000)
  to   space 10752K, 0% used [0x0000000796b00000,0x0000000796b00000,0x0000000797580000)
 ParOldGen       total 136192K, used 112300K [0x0000000740000000, 0x0000000748500000, 0x0000000795580000)
  object space 136192K, 82% used [0x0000000740000000,0x0000000746dab090,0x0000000748500000)
 Metaspace       used 15428K, capacity 15638K, committed 15872K, reserved 1062912K
  class space    used 2226K, capacity 2275K, committed 2304K, reserved 1048576K
Event: 6.617 GC heap after
Heap after GC invocations=16 (full 1):
 PSYoungGen      total 32768K, used 9022K [0x0000000795580000, 0x0000000798e00000, 0x00000007c0000000)
  eden space 22016K, 0% used [0x0000000795580000,0x0000000795580000,0x0000000796b00000)
  from space 10752K, 83% used [0x0000000796b00000,0x00000007973cf8a0,0x0000000797580000)
  to   space 11776K, 0% used [0x0000000798280000,0x0000000798280000,0x0000000798e00000)
 ParOldGen       total 136192K, used 121683K [0x0000000740000000, 0x0000000748500000, 0x0000000795580000)
  object space 136192K, 89% used [0x0000000740000000,0x00000007476d4ca0,0x0000000748500000)
 Metaspace       used 15428K, capacity 15638K, committed 15872K, reserved 1062912K
  class space    used 2226K, capacity 2275K, committed 2304K, reserved 1048576K
}
Event: 6.617 GC heap before
{Heap before GC invocations=17 (full 2):
 PSYoungGen      total 32768K, used 9022K [0x0000000795580000, 0x0000000798e00000, 0x00000007c0000000)
  eden space 22016K, 0% used [0x0000000795580000,0x0000000795580000,0x0000000796b00000)
  from space 10752K, 83% used [0x0000000796b00000,0x00000007973cf8a0,0x0000000797580000)
  to   space 11776K, 0% used [0x0000000798280000,0x0000000798280000,0x0000000798e00000)
 ParOldGen       total 136192K, used 121683K [0x0000000740000000, 0x0000000748500000, 0x0000000795580000)
  object space 136192K, 89% used [0x0000000740000000,0x00000007476d4ca0,0x0000000748500000)
 Metaspace       used 15428K, capacity 15638K, committed 15872K, reserved 1062912K
  class space    used 2226K, capacity 2275K, committed 2304K, reserved 1048576K
Event: 6.669 GC heap after
Heap after GC invocations=17 (full 2):
 PSYoungGen      total 32768K, used 0K [0x0000000795580000, 0x0000000798e00000, 0x00000007c0000000)
  eden space 22016K, 0% used [0x0000000795580000,0x0000000795580000,0x0000000796b00000)
  from space 10752K, 0% used [0x0000000796b00000,0x0000000796b00000,0x0000000797580000)
  to   space 11776K, 0% used [0x0000000798280000,0x0000000798280000,0x0000000798e00000)
 ParOldGen       total 157696K, used 130392K [0x0000000740000000, 0x0000000749a00000, 0x0000000795580000)
  object space 157696K, 82% used [0x0000000740000000,0x0000000747f560a0,0x0000000749a00000)
 Metaspace       used 15428K, capacity 15638K, committed 15872K, reserved 1062912K
  class space    used 2226K, capacity 2275K, committed 2304K, reserved 1048576K
}

